1
                 Chemistry at HARvard Macromolecular Mechanics
           (CHARMM) - Developmental Version 46b1     August 15, 2021            
                                Revision unknown                                
       Copyright(c) 1984-2020  President and Fellows of Harvard College
                              All Rights Reserved
      Current operating system: Linux-3.10.0-1160.45.1.el7.x86_64(x86_64)       
                 Created on  7/7/22 at  2:47:18 by user: apache      

            Maximum number of ATOMS:    360720, and RESidues:      120240
 RDTITL> * GENERATED BY CHARMM-GUI (HTTP://WWW.CHARMM-GUI.ORG) V3.7 ON JUL, 07. 2022. JOBID=5717574533
 RDTITL> * ASSEMBLE PREVIOUSLY GENERATED COMPONENTS (LIPID BILAYER, PROTEIN, PORE WATER, WATER, AND ION)
 RDTITL> *
  
 CHARMM>     
  
 CHARMM>    DIMENS CHSIZE 5000000 MAXRES 3000000
Size      Original         New
MAXA        360720     5000000
MAXB        360720     5000000
MAXT        721440    10000000
MAXP       1082160    15000000
MAXIMP      180360     2500000
MAXNB        90180     1250000
MAXPAD      360720     5000000
MAXRES      120240     3000000
MAXSEG       45090      625000
MAXATC        1400
MAXCB         3000
MAXCT        50000
MAXCP        50000
MAXCI         1200
MAXCH         6400
MAXCN       502503
MAXCRT      120240     1666666
  
 CHARMM>     
  
 CHARMM>    ! Read topology and parameter files
 CHARMM>    stream martini_toppar.str
 VOPEN> Attempting to open::martini_toppar.str::
 OPNLGU> Unit 99 opened for READONLY access to martini_toppar.str

                    INPUT STREAM SWITCHING TO UNIT    99
 RDTITL> * GENERATED BY CHARMM-GUI (HTTP://WWW.CHARMM-GUI.ORG) V3.7 ON JUL, 07. 2022. JOBID=5717574533
 RDTITL> * MARTINI FF
 RDTITL> *
 Parameter: IN1 <- "" <empty>
  
 CHARMM>     
  
 CHARMM>    open read card unit 10 name toppar/martini_v2.0_lipids_all_201506.rtf
 VOPEN> Attempting to open::toppar/martini_v2.0_lipids_all_201506.rtf::
 OPNLGU> Unit 10 opened for READONLY access to toppar/martini_v2.0_lipids_all_201506.rtf
  
 CHARMM>    read  rtf card unit 10
 MAINIO> Residue topology file being read from unit  10.
 TITLE> *MARTINI FF PARAMETER IN CHARMM FORMAT
 TITLE> 36   1
  
 CHARMM>     
  
 CHARMM>    open read card unit 10 name toppar/martini_v2.0_ions.rtf
 OPNLGU> Unit already open. The old file will be closed first.
 VCLOSE: Closing unit   10 with status "KEEP"
 VOPEN> Attempting to open::toppar/martini_v2.0_ions.rtf::
 OPNLGU> Unit 10 opened for READONLY access to toppar/martini_v2.0_ions.rtf
  
 CHARMM>    read  rtf card unit 10 append
 MAINIO> Residue topology file being read from unit  10.
 TITLE> *MARTINI FF PARAMETER IN CHARMM FORMAT
 TITLE> 36   1
  
 CHARMM>     
  
 CHARMM>    open read card unit 10 name toppar/martini_v2.2_aminoacids.rtf
 OPNLGU> Unit already open. The old file will be closed first.
 VCLOSE: Closing unit   10 with status "KEEP"
 VOPEN> Attempting to open::toppar/martini_v2.2_aminoacids.rtf::
 OPNLGU> Unit 10 opened for READONLY access to toppar/martini_v2.2_aminoacids.rtf
  
 CHARMM>    read  rtf card unit 10 append
 MAINIO> Residue topology file being read from unit  10.
 TITLE> *MARTINI FF PARAMETER IN CHARMM FORMAT
 TITLE> 36   1
  
 CHARMM>     
  
 CHARMM>    open read card unit 10 name toppar/martini_v2.2_aminoacids.patch
 OPNLGU> Unit already open. The old file will be closed first.
 VCLOSE: Closing unit   10 with status "KEEP"
 VOPEN> Attempting to open::toppar/martini_v2.2_aminoacids.patch::
 OPNLGU> Unit 10 opened for READONLY access to toppar/martini_v2.2_aminoacids.patch
  
 CHARMM>    read  rtf card unit 10 append
 MAINIO> Residue topology file being read from unit  10.
 TITLE> *MARTINI FF PARAMETER IN CHARMM FORMAT
 TITLE> 36   1
  
 CHARMM>     
  
 CHARMM>    open read card unit 20 name toppar/martini_v2.2.prm
 VOPEN> Attempting to open::toppar/martini_v2.2.prm::
 OPNLGU> Unit 20 opened for READONLY access to toppar/martini_v2.2.prm
  
 CHARMM>    read para card unit 20 flex

          PARAMETER FILE BEING READ FROM UNIT 20
 TITLE> *MARTINI FF PARAMETER IN CHARMM FORMAT
 TITLE> *
 PARRDR> Error: Repeated BOND parameter (     2): NA    C1   is replaced
 PARRDR> Error: Repeated BOND parameter (     6): C1    C1   is replaced
 PARRDR> Error: Repeated BOND parameter (     9): C3    C1   is replaced
 PARRDR> Error: Repeated BOND parameter (    29): QA    Q0   is replaced
*****  WARNING  ***** PARRDR no nonbond parameters for atom type: 115  DUM 
 NO nonbond interactions will be computed for this atom type.
 PARMIO> NONBOND, HBOND lists and IMAGE atoms cleared.
  
 CHARMM>     
  
 CHARMM>    open read card unit 20 name toppar/martini_v2.2_aminoacids.auto.cons.prm
 OPNLGU> Unit already open. The old file will be closed first.
 VCLOSE: Closing unit   20 with status "KEEP"
 VOPEN> Attempting to open::toppar/martini_v2.2_aminoacids.auto.cons.prm::
 OPNLGU> Unit 20 opened for READONLY access to toppar/martini_v2.2_aminoacids.auto.cons.prm
  
 CHARMM>    read para card unit 20 append flex

          PARAMETER FILE BEING READ FROM UNIT 20
 TITLE> *MARTINI FF PARAMETER IN CHARMM FORMAT
 TITLE> *
 PARRDR> Error: Repeated ANGLE parameter (     4): C1    C3    C1   is replaced
 PARRDR> Error: Repeated ANGLE parameter (     6): C3    C1    C1   is replaced
PARRDR> **** NEGATIVE ANGLE MINIMA FOUND!
GROMACS style angle energy function used for angles with negative minima.
*****  WARNING  ***** PARRDR no nonbond parameters for atom type: 115  DUM 
 NO nonbond interactions will be computed for this atom type.
 PARMIO> NONBOND, HBOND lists and IMAGE atoms cleared.
  
 CHARMM>     
  
 VCLOSE: Closing unit   99 with status "KEEP"

                    RETURNING TO INPUT STREAM     5
  
 CHARMM>     
  
 CHARMM>    ! Read the system information
 CHARMM>    stream step3_size.str
 VOPEN> Attempting to open::step3_size.str::
 OPNLGU> Unit 99 opened for READONLY access to step3_size.str

                    INPUT STREAM SWITCHING TO UNIT    99
 RDTITL> SET BOXTYPE  = RECT
 RDTITL> No title read.
 Parameter: IN1 <- "" <empty>
  
 CHARMM>     SET BOXTYPE  = RECT
 Parameter: BOXTYPE <- "RECT"
  
 CHARMM>     SET XTLTYPE  = TETRAGONAL
 Parameter: XTLTYPE <- "TETRAGONAL"
  
 CHARMM>     SET A        = 52.2704505
 Parameter: A <- "52.2704505"
  
 CHARMM>     SET B        = 52.2704505
 Parameter: B <- "52.2704505"
  
 CHARMM>     SET C        = 97.35393
 Parameter: C <- "97.35393"
  
 CHARMM>     SET ALPHA    = 90.0
 Parameter: ALPHA <- "90.0"
  
 CHARMM>     SET BETA     = 90.0
 Parameter: BETA <- "90.0"
  
 CHARMM>     SET GAMMA    = 90.0
 Parameter: GAMMA <- "90.0"
  
 CHARMM>     SET ZCEN     = -4.75375E-02
 Parameter: ZCEN <- "-4.75375E-02"
  
 CHARMM>     SET NLIPTOP  = 40
 Parameter: NLIPTOP <- "40"
  
 CHARMM>     SET NLIPBOT  = 40
 Parameter: NLIPBOT <- "40"
  
 CHARMM>     SET WBOXZ    = 22.5
 Parameter: WBOXZ <- "22.5"
  
 CHARMM>     SET WATBOXZ  = 22.5
 Parameter: WATBOXZ <- "22.5"
  
 CHARMM>     SET NCHARGE  = -12
 Parameter: NCHARGE <- "-12"
  
 VCLOSE: Closing unit   99 with status "KEEP"

                    RETURNING TO INPUT STREAM     5
  
 CHARMM>    stream step4_components.str
 VOPEN> Attempting to open::step4_components.str::
 OPNLGU> Unit 99 opened for READONLY access to step4_components.str

                    INPUT STREAM SWITCHING TO UNIT    99
 RDTITL> SET NWATER = 0
 RDTITL> No title read.
 Parameter: IN1 <- "" <empty>
  
 CHARMM>     SET NWATER = 0
 Parameter: NWATER <- "0"
  
 VCLOSE: Closing unit   99 with status "KEEP"

                    RETURNING TO INPUT STREAM     5
  
 CHARMM>     
  
 CHARMM>    ! Read Lipids
 CHARMM>    open read unit 10 card name step4_lipid_lipid.psf
 OPNLGU> Unit already open. The old file will be closed first.
 VCLOSE: Closing unit   10 with status "KEEP"
 VOPEN> Attempting to open::step4_lipid_lipid.psf::
 OPNLGU> Unit 10 opened for READONLY access to step4_lipid_lipid.psf
  
 CHARMM>    read psf  unit 10 card append
 MAINIO> Protein structure file being read from unit  10.
 PSFRD2> Reading PSF in the expanded format.
 TITLE>  * GENERATED BY CHARMM-GUI (HTTP://WWW.CHARMM-GUI.ORG) V3.7 ON JUL, 07. 2022. JOB
 TITLE>  * GET A DIFFERENT CONFORMATION FOR LIPIDS PENETRATING PROTEIN / CHOL
 TITLE>  *  DATE:     7/ 7/22      2:46:22      CREATED BY USER: apache
 TITLE>  *
 PSFSUM> PSF modified: NONBOND lists and IMAGE atoms cleared.
 PSFSUM> Summary of the structure file counters :
         Number of segments      =        1   Number of residues   =       80
         Number of atoms         =      976   Number of groups     =       80
         Number of bonds         =      904   Number of angles     =      648
         Number of dihedrals     =        0   Number of impropers  =        0
         Number of cross-terms   =        0
         Number of HB acceptors  =        0   Number of HB donors  =        0
         Number of NB exclusions =        0   Total charge =  -12.00000
  
 CHARMM>     
  
 CHARMM>    open read unit 10 card name step4_lipid_lipid.crd
 OPNLGU> Unit already open. The old file will be closed first.
 VCLOSE: Closing unit   10 with status "KEEP"
 VOPEN> Attempting to open::step4_lipid_lipid.crd::
 OPNLGU> Unit 10 opened for READONLY access to step4_lipid_lipid.crd
  
 CHARMM>    read coor unit 10 card append
          SPATIAL COORDINATES BEING READ FROM UNIT 10
 TITLE> * GENERATED BY CHARMM-GUI (HTTP://WWW.CHARMM-GUI.ORG) V3.7 ON JUL, 07. 2022. JOB
 TITLE> * GET A DIFFERENT CONFORMATION FOR LIPIDS PENETRATING PROTEIN / CHOL
 TITLE> *  DATE:     7/ 7/22      2:46:22      CREATED BY USER: APACHE
 TITLE> *
  
 CHARMM>     
  
 CHARMM>    if nwater .gt. 0 then
 Comparing "0" and "0".
 IF test evaluated as false.  Skip to ELSE or ENDIF
  
 CHARMM>     
  
 CHARMM>    define PTOT sele .not. hydrogen end
 SELRPN>    976 atoms have been selected out of    976
  
 CHARMM>     
  
 CHARMM>    !
 CHARMM>    !Add water?
 CHARMM>    !
 CHARMM>     
  
 CHARMM>    calc Zsysmax =  @C / 2.0 + @zcen
 Parameter: C -> "97.35393"
 Parameter: ZCEN -> "-4.75375E-02"
Evaluating: 97.35393/2.0+-4.75375E-02
 Parameter: ZSYSMAX <- "48.6294275"
  
 CHARMM>    calc Zsysmin = -@C / 2.0 + @zcen
 Parameter: C -> "97.35393"
 Parameter: ZCEN -> "-4.75375E-02"
Evaluating: -97.35393/2.0+-4.75375E-02
 Parameter: ZSYSMIN <- "-48.7245025"
  
 CHARMM>     
  
 CHARMM>    set cnt = 1
 Parameter: CNT <- "1"
  
 CHARMM>    label doupper
  
 CHARMM>       open read unit 10 card name step4.2_waterbox.psf
 OPNLGU> Unit already open. The old file will be closed first.
 VCLOSE: Closing unit   10 with status "KEEP"
 VOPEN> Attempting to open::step4.2_waterbox.psf::
 OPNLGU> Unit 10 opened for READONLY access to step4.2_waterbox.psf
  
 CHARMM>       read psf  unit 10 card append
 MAINIO> Protein structure file being read from unit  10.
 PSFRD2> Reading PSF in the expanded format.
 TITLE>  * GENERATED BY CHARMM-GUI (HTTP://WWW.CHARMM-GUI.ORG) V3.7 ON JUL, 07. 2022. JOB
 TITLE>  * GENERATES WATER BOX TO SOLVATE THE PROTEIN/MEMBRANE COMPLEX
 TITLE>  *  DATE:     7/ 7/22      2:46:49      CREATED BY USER: apache
 TITLE>  *
 PSFSUM> PSF modified: NONBOND lists and IMAGE atoms cleared.
 PSFSUM> Summary of the structure file counters :
         Number of segments      =        2   Number of residues   =      586
         Number of atoms         =     1482   Number of groups     =      586
         Number of bonds         =      904   Number of angles     =      648
         Number of dihedrals     =        0   Number of impropers  =        0
         Number of cross-terms   =        0
         Number of HB acceptors  =        0   Number of HB donors  =        0
         Number of NB exclusions =        0   Total charge =  -12.00000
  
 CHARMM>     
  
 CHARMM>       open read unit 10 card name step4.2_waterbox.crd
 OPNLGU> Unit already open. The old file will be closed first.
 VCLOSE: Closing unit   10 with status "KEEP"
 VOPEN> Attempting to open::step4.2_waterbox.crd::
 OPNLGU> Unit 10 opened for READONLY access to step4.2_waterbox.crd
  
 CHARMM>       read coor unit 10 card append
          SPATIAL COORDINATES BEING READ FROM UNIT 10
 A RESIDUE OFFSET OF  80 WILL BE USED.
 INFO: A subset of total atoms will be read.

 TITLE> * EQUILIBRATED WATER
 TITLE> *  DATE:     7/ 7/22      2:46:49      CREATED BY USER: APACHE
 TITLE> *
  
 CHARMM>     
  
 CHARMM>       coor stat sele segid W2 end
 SELRPN>    506 atoms have been selected out of   1482
 STATISTICS FOR       506 SELECTED ATOMS:
    XMIN =  -26.255771 XMAX =   26.064229 XAVE =   -0.000000
    YMIN =  -25.860672 YMAX =   25.709328 YAVE =   -0.000000
    ZMIN =  -11.419822 ZMAX =   11.010178 ZAVE =   -0.000000
    WMIN =    0.000000 WMAX =    0.000000 WAVE =    0.000000
  
 CHARMM>       calc ztrans = ( @cnt - 1 ) * @watboxZ + @watboxZ / 2.0 + 20.0 ! z=20 is a starting point
 Parameter: CNT -> "1"
 Parameter: WATBOXZ -> "22.5"
 Parameter: WATBOXZ -> "22.5"
Evaluating: (1-1)*22.5+22.5/2.0+20.0
 Parameter: ZTRANS <- "31.25"
  
 CHARMM>       calc zwater = @ztrans + @watboxZ / 2.0
 Parameter: ZTRANS -> "31.25"
 Parameter: WATBOXZ -> "22.5"
Evaluating: 31.25+22.5/2.0
 Parameter: ZWATER <- "42.5"
  
 CHARMM>       coor trans zdir @ztrans sele segid W2 end
 Parameter: ZTRANS -> "31.25"
 SELRPN>    506 atoms have been selected out of   1482
 TRANSLATION VECTOR     0.000000    0.000000   31.250000
 SELECTED COORDINATES TRANSLATED IN THE MAIN SET.

  
 CHARMM>       coor stat sele segid W2 end
 SELRPN>    506 atoms have been selected out of   1482
 STATISTICS FOR       506 SELECTED ATOMS:
    XMIN =  -26.255771 XMAX =   26.064229 XAVE =   -0.000000
    YMIN =  -25.860672 YMAX =   25.709328 YAVE =   -0.000000
    ZMIN =   19.830178 ZMAX =   42.260178 ZAVE =   31.250000
    WMIN =    0.000000 WMAX =    0.000000 WAVE =    0.000000
  
 CHARMM>     
  
 CHARMM>       define junk sele .byres. ( ( segid W2 .and. type W ) .and. -
 CHARMM>                                  ( PTOT .around. 4.8 ) ) end
 SELRPN>     95 atoms have been selected out of   1482
  
 CHARMM>       if ?nsel .ne. 0 delete atom sele junk end
 RDCMND substituted energy or value "?NSEL" to "95"
 Comparing "95" and "0".
 IF test evaluated as true.  Performing command
 SELRPN>     95 atoms have been selected out of   1482

 Message from MAPIC: Atom numbers are changed.

 Message from MAPIC:         95 residues deleted.
 PSFSUM> PSF modified: NONBOND lists and IMAGE atoms cleared.
 PSFSUM> Summary of the structure file counters :
         Number of segments      =        2   Number of residues   =      491
         Number of atoms         =     1387   Number of groups     =      491
         Number of bonds         =      904   Number of angles     =      648
         Number of dihedrals     =        0   Number of impropers  =        0
         Number of cross-terms   =        0
         Number of HB acceptors  =        0   Number of HB donors  =        0
         Number of NB exclusions =        0   Total charge =  -12.00000
  
 CHARMM>     
  
 CHARMM>       if nwater .eq. 0 then
 Comparing "0" and "0".
 IF test evaluated as true.  Performing command
  
 CHARMM>          if cnt .eq. 1 then
 Comparing "1" and "1".
 IF test evaluated as true.  Performing command
  
 CHARMM>             rename segid WAT sele segid W2 end
 SELRPN>    411 atoms have been selected out of   1387
 SEGMENT 'W2      ' IS RENAMED TO 'WAT     '
  
 CHARMM>          else
 Skip commands until next ENDIF
  
 CHARMM>       else
 Skip commands until next ENDIF
  
 CHARMM>     
  
 CHARMM>       define PTOT sele .not. hydrogen end
 SELRPN>   1387 atoms have been selected out of   1387
  
 CHARMM>     
  
 CHARMM>       increase cnt by 1
 Parameter: CNT <- "2"
  
 CHARMM>    if zwater .lt. @Zsysmax goto doupper
 Parameter: ZSYSMAX -> "48.6294275"
 Comparing "42.5" and "48.6294275".
 IF test evaluated as true.  Performing command
  
 CHARMM>       open read unit 10 card name step4.2_waterbox.psf
 OPNLGU> Unit already open. The old file will be closed first.
 VCLOSE: Closing unit   10 with status "KEEP"
 VOPEN> Attempting to open::step4.2_waterbox.psf::
 OPNLGU> Unit 10 opened for READONLY access to step4.2_waterbox.psf
  
 CHARMM>       read psf  unit 10 card append
 MAINIO> Protein structure file being read from unit  10.
 PSFRD2> Reading PSF in the expanded format.
 TITLE>  * GENERATED BY CHARMM-GUI (HTTP://WWW.CHARMM-GUI.ORG) V3.7 ON JUL, 07. 2022. JOB
 TITLE>  * GENERATES WATER BOX TO SOLVATE THE PROTEIN/MEMBRANE COMPLEX
 TITLE>  *  DATE:     7/ 7/22      2:46:49      CREATED BY USER: apache
 TITLE>  *
 PSFSUM> PSF modified: NONBOND lists and IMAGE atoms cleared.
 PSFSUM> Summary of the structure file counters :
         Number of segments      =        3   Number of residues   =      997
         Number of atoms         =     1893   Number of groups     =      997
         Number of bonds         =      904   Number of angles     =      648
         Number of dihedrals     =        0   Number of impropers  =        0
         Number of cross-terms   =        0
         Number of HB acceptors  =        0   Number of HB donors  =        0
         Number of NB exclusions =        0   Total charge =  -12.00000
  
 CHARMM>     
  
 CHARMM>       open read unit 10 card name step4.2_waterbox.crd
 OPNLGU> Unit already open. The old file will be closed first.
 VCLOSE: Closing unit   10 with status "KEEP"
 VOPEN> Attempting to open::step4.2_waterbox.crd::
 OPNLGU> Unit 10 opened for READONLY access to step4.2_waterbox.crd
  
 CHARMM>       read coor unit 10 card append
          SPATIAL COORDINATES BEING READ FROM UNIT 10
 A RESIDUE OFFSET OF 491 WILL BE USED.
 INFO: A subset of total atoms will be read.

 TITLE> * EQUILIBRATED WATER
 TITLE> *  DATE:     7/ 7/22      2:46:49      CREATED BY USER: APACHE
 TITLE> *
  
 CHARMM>     
  
 CHARMM>       coor stat sele segid W2 end
 SELRPN>    506 atoms have been selected out of   1893
 STATISTICS FOR       506 SELECTED ATOMS:
    XMIN =  -26.255771 XMAX =   26.064229 XAVE =   -0.000000
    YMIN =  -25.860672 YMAX =   25.709328 YAVE =   -0.000000
    ZMIN =  -11.419822 ZMAX =   11.010178 ZAVE =   -0.000000
    WMIN =    0.000000 WMAX =    0.000000 WAVE =    0.000000
  
 CHARMM>       calc ztrans = ( @cnt - 1 ) * @watboxZ + @watboxZ / 2.0 + 20.0 ! z=20 is a starting point
 Parameter: CNT -> "2"
 Parameter: WATBOXZ -> "22.5"
 Parameter: WATBOXZ -> "22.5"
Evaluating: (2-1)*22.5+22.5/2.0+20.0
 Parameter: ZTRANS <- "53.75"
  
 CHARMM>       calc zwater = @ztrans + @watboxZ / 2.0
 Parameter: ZTRANS -> "53.75"
 Parameter: WATBOXZ -> "22.5"
Evaluating: 53.75+22.5/2.0
 Parameter: ZWATER <- "65"
  
 CHARMM>       coor trans zdir @ztrans sele segid W2 end
 Parameter: ZTRANS -> "53.75"
 SELRPN>    506 atoms have been selected out of   1893
 TRANSLATION VECTOR     0.000000    0.000000   53.750000
 SELECTED COORDINATES TRANSLATED IN THE MAIN SET.

  
 CHARMM>       coor stat sele segid W2 end
 SELRPN>    506 atoms have been selected out of   1893
 STATISTICS FOR       506 SELECTED ATOMS:
    XMIN =  -26.255771 XMAX =   26.064229 XAVE =   -0.000000
    YMIN =  -25.860672 YMAX =   25.709328 YAVE =   -0.000000
    ZMIN =   42.330178 ZMAX =   64.760178 ZAVE =   53.750000
    WMIN =    0.000000 WMAX =    0.000000 WAVE =    0.000000
  
 CHARMM>     
  
 CHARMM>       define junk sele .byres. ( ( segid W2 .and. type W ) .and. -
 CHARMM>                                  ( PTOT .around. 4.8 ) ) end
 SELRPN>     52 atoms have been selected out of   1893
  
 CHARMM>       if ?nsel .ne. 0 delete atom sele junk end
 RDCMND substituted energy or value "?NSEL" to "52"
 Comparing "52" and "0".
 IF test evaluated as true.  Performing command
 SELRPN>     52 atoms have been selected out of   1893

 Message from MAPIC: Atom numbers are changed.

 Message from MAPIC:         52 residues deleted.
 PSFSUM> PSF modified: NONBOND lists and IMAGE atoms cleared.
 PSFSUM> Summary of the structure file counters :
         Number of segments      =        3   Number of residues   =      945
         Number of atoms         =     1841   Number of groups     =      945
         Number of bonds         =      904   Number of angles     =      648
         Number of dihedrals     =        0   Number of impropers  =        0
         Number of cross-terms   =        0
         Number of HB acceptors  =        0   Number of HB donors  =        0
         Number of NB exclusions =        0   Total charge =  -12.00000
  
 CHARMM>     
  
 CHARMM>       if nwater .eq. 0 then
 Comparing "0" and "0".
 IF test evaluated as true.  Performing command
  
 CHARMM>          if cnt .eq. 1 then
 Comparing "2" and "1".
 IF test evaluated as false.  Skip to ELSE or ENDIF
  
 CHARMM>             join WAT W2 renumber
 SEGMENTS "WAT     " AND "W2      " HAVE BEEN JOINED.
 THE RESIDUE IDENTIFIERS HAVE BEEN RENUMBERED
 PSFSUM> PSF modified: NONBOND lists and IMAGE atoms cleared.
 PSFSUM> Summary of the structure file counters :
         Number of segments      =        2   Number of residues   =      945
         Number of atoms         =     1841   Number of groups     =      945
         Number of bonds         =      904   Number of angles     =      648
         Number of dihedrals     =        0   Number of impropers  =        0
         Number of cross-terms   =        0
         Number of HB acceptors  =        0   Number of HB donors  =        0
         Number of NB exclusions =        0   Total charge =  -12.00000
  
 CHARMM>          endif
  
 CHARMM>       else
 Skip commands until next ENDIF
  
 CHARMM>     
  
 CHARMM>       define PTOT sele .not. hydrogen end
 SELRPN>   1841 atoms have been selected out of   1841
  
 CHARMM>     
  
 CHARMM>       increase cnt by 1
 Parameter: CNT <- "3"
  
 CHARMM>    if zwater .lt. @Zsysmax goto doupper
 Parameter: ZSYSMAX -> "48.6294275"
 Comparing "65" and "48.6294275".
 IF test evaluated as false.  Skipping command
  
 CHARMM>     
  
 CHARMM>    define junk sele .byres. ( type W .and.  ( prop Z .gt. @Zsysmax ) ) end
 Parameter: ZSYSMAX -> "48.6294275"
 SELRPN>    365 atoms have been selected out of   1841
  
 CHARMM>    if ?nsel .ne. 0 delete atom sele junk end
 RDCMND substituted energy or value "?NSEL" to "365"
 Comparing "365" and "0".
 IF test evaluated as true.  Performing command
 SELRPN>    365 atoms have been selected out of   1841

 Message from MAPIC: Atom numbers are changed.

 Message from MAPIC:        365 residues deleted.
 PSFSUM> PSF modified: NONBOND lists and IMAGE atoms cleared.
 PSFSUM> Summary of the structure file counters :
         Number of segments      =        2   Number of residues   =      580
         Number of atoms         =     1476   Number of groups     =      580
         Number of bonds         =      904   Number of angles     =      648
         Number of dihedrals     =        0   Number of impropers  =        0
         Number of cross-terms   =        0
         Number of HB acceptors  =        0   Number of HB donors  =        0
         Number of NB exclusions =        0   Total charge =  -12.00000
  
 CHARMM>    join WAT renumber
 THE RESIDUE IDENTIFIERS HAVE BEEN RENUMBERED
 PSFSUM> PSF modified: NONBOND lists and IMAGE atoms cleared.
 PSFSUM> Summary of the structure file counters :
         Number of segments      =        2   Number of residues   =      580
         Number of atoms         =     1476   Number of groups     =      580
         Number of bonds         =      904   Number of angles     =      648
         Number of dihedrals     =        0   Number of impropers  =        0
         Number of cross-terms   =        0
         Number of HB acceptors  =        0   Number of HB donors  =        0
         Number of NB exclusions =        0   Total charge =  -12.00000
  
 CHARMM>     
  
 CHARMM>    coor stat
 STATISTICS FOR      1476 SELECTED ATOMS:
    XMIN =  -30.277022 XMAX =   29.510942 XAVE =    0.163047
    YMIN =  -29.058288 YMAX =   28.995195 YAVE =    0.076999
    ZMIN =  -26.224502 ZMAX =   48.610178 ZAVE =   12.073644
    WMIN =    0.000000 WMAX =    3.506250 WAVE =    1.245813
  
 CHARMM>    define PTOT sele .not. hydrogen end
 SELRPN>   1476 atoms have been selected out of   1476
  
 CHARMM>     
  
 CHARMM>    set cnt = 1
 Parameter: CNT <- "1"
  
 CHARMM>    label dolower
  
 CHARMM>       open read unit 10 card name step4.2_waterbox.psf
 OPNLGU> Unit already open. The old file will be closed first.
 VCLOSE: Closing unit   10 with status "KEEP"
 VOPEN> Attempting to open::step4.2_waterbox.psf::
 OPNLGU> Unit 10 opened for READONLY access to step4.2_waterbox.psf
  
 CHARMM>       read psf  unit 10 card append
 MAINIO> Protein structure file being read from unit  10.
 PSFRD2> Reading PSF in the expanded format.
 TITLE>  * GENERATED BY CHARMM-GUI (HTTP://WWW.CHARMM-GUI.ORG) V3.7 ON JUL, 07. 2022. JOB
 TITLE>  * GENERATES WATER BOX TO SOLVATE THE PROTEIN/MEMBRANE COMPLEX
 TITLE>  *  DATE:     7/ 7/22      2:46:49      CREATED BY USER: apache
 TITLE>  *
 PSFSUM> PSF modified: NONBOND lists and IMAGE atoms cleared.
 PSFSUM> Summary of the structure file counters :
         Number of segments      =        3   Number of residues   =     1086
         Number of atoms         =     1982   Number of groups     =     1086
         Number of bonds         =      904   Number of angles     =      648
         Number of dihedrals     =        0   Number of impropers  =        0
         Number of cross-terms   =        0
         Number of HB acceptors  =        0   Number of HB donors  =        0
         Number of NB exclusions =        0   Total charge =  -12.00000
  
 CHARMM>     
  
 CHARMM>       open read unit 10 card name step4.2_waterbox.crd
 OPNLGU> Unit already open. The old file will be closed first.
 VCLOSE: Closing unit   10 with status "KEEP"
 VOPEN> Attempting to open::step4.2_waterbox.crd::
 OPNLGU> Unit 10 opened for READONLY access to step4.2_waterbox.crd
  
 CHARMM>       read coor unit 10 card append
          SPATIAL COORDINATES BEING READ FROM UNIT 10
 A RESIDUE OFFSET OF 580 WILL BE USED.
 INFO: A subset of total atoms will be read.

 TITLE> * EQUILIBRATED WATER
 TITLE> *  DATE:     7/ 7/22      2:46:49      CREATED BY USER: APACHE
 TITLE> *
  
 CHARMM>     
  
 CHARMM>       coor stat sele segid W2 end
 SELRPN>    506 atoms have been selected out of   1982
 STATISTICS FOR       506 SELECTED ATOMS:
    XMIN =  -26.255771 XMAX =   26.064229 XAVE =   -0.000000
    YMIN =  -25.860672 YMAX =   25.709328 YAVE =   -0.000000
    ZMIN =  -11.419822 ZMAX =   11.010178 ZAVE =   -0.000000
    WMIN =    0.000000 WMAX =    0.000000 WAVE =    0.000000
  
 CHARMM>       calc ztrans = ( @cnt - 1 ) * @watboxZ + @watboxZ / 2.0 + 20.0 ! z=-20 is a starting point
 Parameter: CNT -> "1"
 Parameter: WATBOXZ -> "22.5"
 Parameter: WATBOXZ -> "22.5"
Evaluating: (1-1)*22.5+22.5/2.0+20.0
 Parameter: ZTRANS <- "31.25"
  
 CHARMM>       calc zwater = -@ztrans - @watboxZ / 2.0
 Parameter: ZTRANS -> "31.25"
 Parameter: WATBOXZ -> "22.5"
Evaluating: -31.25-22.5/2.0
 Parameter: ZWATER <- "-42.5"
  
 CHARMM>       coor trans zdir -@ztrans sele segid W2 end
 Parameter: ZTRANS -> "31.25"
 SELRPN>    506 atoms have been selected out of   1982
 TRANSLATION VECTOR     0.000000    0.000000  -31.250000
 SELECTED COORDINATES TRANSLATED IN THE MAIN SET.

  
 CHARMM>       coor stat sele segid W2 end
 SELRPN>    506 atoms have been selected out of   1982
 STATISTICS FOR       506 SELECTED ATOMS:
    XMIN =  -26.255771 XMAX =   26.064229 XAVE =   -0.000000
    YMIN =  -25.860672 YMAX =   25.709328 YAVE =   -0.000000
    ZMIN =  -42.669822 ZMAX =  -20.239822 ZAVE =  -31.250000
    WMIN =    0.000000 WMAX =    0.000000 WAVE =    0.000000
  
 CHARMM>     
  
 CHARMM>       define junk sele .byres. ( ( segid W2 .and. type W ) .and. -
 CHARMM>                                  ( PTOT .around. 4.8 ) ) end
 SELRPN>     99 atoms have been selected out of   1982
  
 CHARMM>       if ?nsel .ne. 0 delete atom sele junk end
 RDCMND substituted energy or value "?NSEL" to "99"
 Comparing "99" and "0".
 IF test evaluated as true.  Performing command
 SELRPN>     99 atoms have been selected out of   1982

 Message from MAPIC: Atom numbers are changed.

 Message from MAPIC:         99 residues deleted.
 PSFSUM> PSF modified: NONBOND lists and IMAGE atoms cleared.
 PSFSUM> Summary of the structure file counters :
         Number of segments      =        3   Number of residues   =      987
         Number of atoms         =     1883   Number of groups     =      987
         Number of bonds         =      904   Number of angles     =      648
         Number of dihedrals     =        0   Number of impropers  =        0
         Number of cross-terms   =        0
         Number of HB acceptors  =        0   Number of HB donors  =        0
         Number of NB exclusions =        0   Total charge =  -12.00000
  
 CHARMM>     
  
 CHARMM>       join WAT W2 renumber
 SEGMENTS "WAT     " AND "W2      " HAVE BEEN JOINED.
 THE RESIDUE IDENTIFIERS HAVE BEEN RENUMBERED
 PSFSUM> PSF modified: NONBOND lists and IMAGE atoms cleared.
 PSFSUM> Summary of the structure file counters :
         Number of segments      =        2   Number of residues   =      987
         Number of atoms         =     1883   Number of groups     =      987
         Number of bonds         =      904   Number of angles     =      648
         Number of dihedrals     =        0   Number of impropers  =        0
         Number of cross-terms   =        0
         Number of HB acceptors  =        0   Number of HB donors  =        0
         Number of NB exclusions =        0   Total charge =  -12.00000
  
 CHARMM>     
  
 CHARMM>       define PTOT sele .not. hydrogen end
 SELRPN>   1883 atoms have been selected out of   1883
  
 CHARMM>     
  
 CHARMM>       increase cnt by 1
 Parameter: CNT <- "2"
  
 CHARMM>    if zwater .gt. @Zsysmin goto dolower
 Parameter: ZSYSMIN -> "-48.7245025"
 Comparing "-42.5" and "-48.7245025".
 IF test evaluated as true.  Performing command
  
 CHARMM>       open read unit 10 card name step4.2_waterbox.psf
 OPNLGU> Unit already open. The old file will be closed first.
 VCLOSE: Closing unit   10 with status "KEEP"
 VOPEN> Attempting to open::step4.2_waterbox.psf::
 OPNLGU> Unit 10 opened for READONLY access to step4.2_waterbox.psf
  
 CHARMM>       read psf  unit 10 card append
 MAINIO> Protein structure file being read from unit  10.
 PSFRD2> Reading PSF in the expanded format.
 TITLE>  * GENERATED BY CHARMM-GUI (HTTP://WWW.CHARMM-GUI.ORG) V3.7 ON JUL, 07. 2022. JOB
 TITLE>  * GENERATES WATER BOX TO SOLVATE THE PROTEIN/MEMBRANE COMPLEX
 TITLE>  *  DATE:     7/ 7/22      2:46:49      CREATED BY USER: apache
 TITLE>  *
 PSFSUM> PSF modified: NONBOND lists and IMAGE atoms cleared.
 PSFSUM> Summary of the structure file counters :
         Number of segments      =        3   Number of residues   =     1493
         Number of atoms         =     2389   Number of groups     =     1493
         Number of bonds         =      904   Number of angles     =      648
         Number of dihedrals     =        0   Number of impropers  =        0
         Number of cross-terms   =        0
         Number of HB acceptors  =        0   Number of HB donors  =        0
         Number of NB exclusions =        0   Total charge =  -12.00000
  
 CHARMM>     
  
 CHARMM>       open read unit 10 card name step4.2_waterbox.crd
 OPNLGU> Unit already open. The old file will be closed first.
 VCLOSE: Closing unit   10 with status "KEEP"
 VOPEN> Attempting to open::step4.2_waterbox.crd::
 OPNLGU> Unit 10 opened for READONLY access to step4.2_waterbox.crd
  
 CHARMM>       read coor unit 10 card append
          SPATIAL COORDINATES BEING READ FROM UNIT 10
 A RESIDUE OFFSET OF 987 WILL BE USED.
 INFO: A subset of total atoms will be read.

 TITLE> * EQUILIBRATED WATER
 TITLE> *  DATE:     7/ 7/22      2:46:49      CREATED BY USER: APACHE
 TITLE> *
  
 CHARMM>     
  
 CHARMM>       coor stat sele segid W2 end
 SELRPN>    506 atoms have been selected out of   2389
 STATISTICS FOR       506 SELECTED ATOMS:
    XMIN =  -26.255771 XMAX =   26.064229 XAVE =   -0.000000
    YMIN =  -25.860672 YMAX =   25.709328 YAVE =   -0.000000
    ZMIN =  -11.419822 ZMAX =   11.010178 ZAVE =   -0.000000
    WMIN =    0.000000 WMAX =    0.000000 WAVE =    0.000000
  
 CHARMM>       calc ztrans = ( @cnt - 1 ) * @watboxZ + @watboxZ / 2.0 + 20.0 ! z=-20 is a starting point
 Parameter: CNT -> "2"
 Parameter: WATBOXZ -> "22.5"
 Parameter: WATBOXZ -> "22.5"
Evaluating: (2-1)*22.5+22.5/2.0+20.0
 Parameter: ZTRANS <- "53.75"
  
 CHARMM>       calc zwater = -@ztrans - @watboxZ / 2.0
 Parameter: ZTRANS -> "53.75"
 Parameter: WATBOXZ -> "22.5"
Evaluating: -53.75-22.5/2.0
 Parameter: ZWATER <- "-65"
  
 CHARMM>       coor trans zdir -@ztrans sele segid W2 end
 Parameter: ZTRANS -> "53.75"
 SELRPN>    506 atoms have been selected out of   2389
 TRANSLATION VECTOR     0.000000    0.000000  -53.750000
 SELECTED COORDINATES TRANSLATED IN THE MAIN SET.

  
 CHARMM>       coor stat sele segid W2 end
 SELRPN>    506 atoms have been selected out of   2389
 STATISTICS FOR       506 SELECTED ATOMS:
    XMIN =  -26.255771 XMAX =   26.064229 XAVE =   -0.000000
    YMIN =  -25.860672 YMAX =   25.709328 YAVE =   -0.000000
    ZMIN =  -65.169822 ZMAX =  -42.739822 ZAVE =  -53.750000
    WMIN =    0.000000 WMAX =    0.000000 WAVE =    0.000000
  
 CHARMM>     
  
 CHARMM>       define junk sele .byres. ( ( segid W2 .and. type W ) .and. -
 CHARMM>                                  ( PTOT .around. 4.8 ) ) end
 SELRPN>     53 atoms have been selected out of   2389
  
 CHARMM>       if ?nsel .ne. 0 delete atom sele junk end
 RDCMND substituted energy or value "?NSEL" to "53"
 Comparing "53" and "0".
 IF test evaluated as true.  Performing command
 SELRPN>     53 atoms have been selected out of   2389

 Message from MAPIC: Atom numbers are changed.

 Message from MAPIC:         53 residues deleted.
 PSFSUM> PSF modified: NONBOND lists and IMAGE atoms cleared.
 PSFSUM> Summary of the structure file counters :
         Number of segments      =        3   Number of residues   =     1440
         Number of atoms         =     2336   Number of groups     =     1440
         Number of bonds         =      904   Number of angles     =      648
         Number of dihedrals     =        0   Number of impropers  =        0
         Number of cross-terms   =        0
         Number of HB acceptors  =        0   Number of HB donors  =        0
         Number of NB exclusions =        0   Total charge =  -12.00000
  
 CHARMM>     
  
 CHARMM>       join WAT W2 renumber
 SEGMENTS "WAT     " AND "W2      " HAVE BEEN JOINED.
 THE RESIDUE IDENTIFIERS HAVE BEEN RENUMBERED
 PSFSUM> PSF modified: NONBOND lists and IMAGE atoms cleared.
 PSFSUM> Summary of the structure file counters :
         Number of segments      =        2   Number of residues   =     1440
         Number of atoms         =     2336   Number of groups     =     1440
         Number of bonds         =      904   Number of angles     =      648
         Number of dihedrals     =        0   Number of impropers  =        0
         Number of cross-terms   =        0
         Number of HB acceptors  =        0   Number of HB donors  =        0
         Number of NB exclusions =        0   Total charge =  -12.00000
  
 CHARMM>     
  
 CHARMM>       define PTOT sele .not. hydrogen end
 SELRPN>   2336 atoms have been selected out of   2336
  
 CHARMM>     
  
 CHARMM>       increase cnt by 1
 Parameter: CNT <- "3"
  
 CHARMM>    if zwater .gt. @Zsysmin goto dolower
 Parameter: ZSYSMIN -> "-48.7245025"
 Comparing "-65" and "-48.7245025".
 IF test evaluated as false.  Skipping command
  
 CHARMM>     
  
 CHARMM>    define junk sele .byres. ( type W .and.  ( prop Z .lt. @Zsysmin ) ) end
 Parameter: ZSYSMIN -> "-48.7245025"
 SELRPN>    363 atoms have been selected out of   2336
  
 CHARMM>    if ?nsel .ne. 0 delete atom sele junk end
 RDCMND substituted energy or value "?NSEL" to "363"
 Comparing "363" and "0".
 IF test evaluated as true.  Performing command
 SELRPN>    363 atoms have been selected out of   2336

 Message from MAPIC: Atom numbers are changed.

 Message from MAPIC:        363 residues deleted.
 PSFSUM> PSF modified: NONBOND lists and IMAGE atoms cleared.
 PSFSUM> Summary of the structure file counters :
         Number of segments      =        2   Number of residues   =     1077
         Number of atoms         =     1973   Number of groups     =     1077
         Number of bonds         =      904   Number of angles     =      648
         Number of dihedrals     =        0   Number of impropers  =        0
         Number of cross-terms   =        0
         Number of HB acceptors  =        0   Number of HB donors  =        0
         Number of NB exclusions =        0   Total charge =  -12.00000
  
 CHARMM>    join WAT renumber
 THE RESIDUE IDENTIFIERS HAVE BEEN RENUMBERED
 PSFSUM> PSF modified: NONBOND lists and IMAGE atoms cleared.
 PSFSUM> Summary of the structure file counters :
         Number of segments      =        2   Number of residues   =     1077
         Number of atoms         =     1973   Number of groups     =     1077
         Number of bonds         =      904   Number of angles     =      648
         Number of dihedrals     =        0   Number of impropers  =        0
         Number of cross-terms   =        0
         Number of HB acceptors  =        0   Number of HB donors  =        0
         Number of NB exclusions =        0   Total charge =  -12.00000
  
 CHARMM>     
  
 CHARMM>    !
 CHARMM>    ! Write PSF, coordinates, and information of the assembled system
 CHARMM>    !
 CHARMM>     
  
 CHARMM>    open write unit 10 card name step5_assembly.psf
 OPNLGU> Unit already open. The old file will be closed first.
 VCLOSE: Closing unit   10 with status "KEEP"
 VOPEN> Attempting to open::step5_assembly.psf::
 OPNLGU> Unit 10 opened for WRITE access to step5_assembly.psf
  
 CHARMM>    write psf  unit 10 card
 RDTITL>  
 RDTITL> No title read.
  
 CHARMM>     
  
 CHARMM>    open write unit 10 card name step5_assembly.oldpsf
 OPNLGU> Unit already open. The old file will be closed first.
 VCLOSE: Closing unit   10 with status "KEEP"
 VOPEN> Attempting to open::step5_assembly.oldpsf::
 OPNLGU> Unit 10 opened for WRITE access to step5_assembly.oldpsf
  
 CHARMM>    write psf  unit 10 card oldpsf
 RDTITL>  
 RDTITL> No title read.
  
 CHARMM>     
  
 CHARMM>    open write unit 10 card name step5_assembly.pdb
 OPNLGU> Unit already open. The old file will be closed first.
 VCLOSE: Closing unit   10 with status "KEEP"
 VOPEN> Attempting to open::step5_assembly.pdb::
 OPNLGU> Unit 10 opened for WRITE access to step5_assembly.pdb
  
 CHARMM>    write coor unit 10 pdb
 RDTITL>  
 RDTITL> No title read.
  Write CHARMM-pdb format
  
 CHARMM>     
  
 CHARMM>    open write unit 10 card name step5_assembly.crd
 OPNLGU> Unit already open. The old file will be closed first.
 VCLOSE: Closing unit   10 with status "KEEP"
 VOPEN> Attempting to open::step5_assembly.crd::
 OPNLGU> Unit 10 opened for WRITE access to step5_assembly.crd
  
 CHARMM>    write coor unit 10 card
 RDTITL>  
 RDTITL> No title read.
 VCLOSE: Closing unit   10 with status "KEEP"
  
 CHARMM>     
  
 CHARMM>    define WAT sele resname W .and. type W end
 SELRPN>    997 atoms have been selected out of   1973
  
 CHARMM>    set Nwater   = ?nsel
 RDCMND substituted energy or value "?NSEL" to "997"
 Parameter: NWATER <- "997"
  
 CHARMM>     
  
 CHARMM>    open write card  unit 51 name step5_assembly.str
 VOPEN> Attempting to open::step5_assembly.str::
 OPNLGU> Unit 51 opened for WRITE access to step5_assembly.str
  
 CHARMM>    write title unit 51
 RDTITL> * SET BOXTYPE  = RECT
 RDTITL> * SET XTLTYPE  = TETRAGONAL
 RDTITL> * SET A        = 52.2704505
 RDTITL> * SET B        = 52.2704505
 RDTITL> * SET C        = 97.35393
 RDTITL> * SET ALPHA    = 90.0
 RDTITL> * SET BETA     = 90.0
 RDTITL> * SET GAMMA    = 90.0
 RDTITL> * SET ZCEN     = 0.0
 RDTITL> * SET NLIPTOP  = 40
 RDTITL> * SET NLIPBOT  = 40
 RDTITL> * SET NWATER   = 997
 RDTITL> *
  
 CHARMM>     
  
 CHARMM>    stop
 VCLOSE: Closing unit   20 with status "KEEP"
 VCLOSE: Closing unit   51 with status "KEEP"
$$$$$$  New timer profile $$$$$
 Total time                      9.05 Other:            0.00

                    NORMAL TERMINATION BY NORMAL STOP
                    NO WARNINGS WERE ISSUED

                    $$$$$ JOB ACCOUNTING INFORMATION $$$$$
                     ELAPSED TIME:     9.05  SECONDS 
                         CPU TIME:     4.85  SECONDS 
